e:\github\rhinostraightskeleton\deps\release\cgal.native.lib
e:\github\rhinostraightskeleton\deps\release\cgal.native.exp
e:\github\rhinostraightskeleton\deps\release\gmp-10.dll
e:\github\rhinostraightskeleton\deps\release\mpfr-6.dll
e:\github\rhinostraightskeleton\cgal.native\x64\release\cgal.native.pch
e:\github\rhinostraightskeleton\cgal.native\x64\release\vc142.pdb
e:\github\rhinostraightskeleton\cgal.native\x64\release\pch.obj
e:\github\rhinostraightskeleton\cgal.native\x64\release\cgal.native.functions.obj
e:\github\rhinostraightskeleton\cgal.native\x64\release\cgal.native.obj
e:\github\rhinostraightskeleton\deps\release\cgal.native.dll
e:\github\rhinostraightskeleton\cgal.native\x64\release\cgal.native.ipdb
e:\github\rhinostraightskeleton\cgal.native\x64\release\cgal.native.iobj
e:\github\rhinostraightskeleton\deps\release\cgal.native.pdb
e:\github\rhinostraightskeleton\cgal.native\x64\release\cgal.native.res
e:\github\rhinostraightskeleton\cgal.native\x64\release\cgal.native.tlog\cgal.native.write.1u.tlog
e:\github\rhinostraightskeleton\cgal.native\x64\release\cgal.native.tlog\cl.command.1.tlog
e:\github\rhinostraightskeleton\cgal.native\x64\release\cgal.native.tlog\cl.read.1.tlog
e:\github\rhinostraightskeleton\cgal.native\x64\release\cgal.native.tlog\cl.write.1.tlog
e:\github\rhinostraightskeleton\cgal.native\x64\release\cgal.native.tlog\link.command.1.tlog
e:\github\rhinostraightskeleton\cgal.native\x64\release\cgal.native.tlog\link.read.1.tlog
e:\github\rhinostraightskeleton\cgal.native\x64\release\cgal.native.tlog\link.write.1.tlog
e:\github\rhinostraightskeleton\cgal.native\x64\release\cgal.native.tlog\rc.command.1.tlog
e:\github\rhinostraightskeleton\cgal.native\x64\release\cgal.native.tlog\rc.read.1.tlog
e:\github\rhinostraightskeleton\cgal.native\x64\release\cgal.native.tlog\rc.write.1.tlog
